Time Fri Oct 13 22:09:49 2023 Write results/KNeighborsClassifier/Africa success
Time Fri Oct 13 22:10:00 2023 Write results/KNeighborsClassifier/BankNote success
Time Fri Oct 13 22:10:12 2023 Write results/KNeighborsClassifier/CreditApproval success
Time Fri Oct 13 22:10:23 2023 Write results/KNeighborsClassifier/CreditRisk success
Time Fri Oct 13 22:18:51 2023 Write results/KNeighborsClassifier/CreditCard success
Time Fri Oct 13 22:19:00 2023 Write results/KNeighborsClassifier/Ecoli success
Time Fri Oct 13 22:19:11 2023 Write results/KNeighborsClassifier/FakeBills success
Time Fri Oct 13 22:22:49 2023 Write results/KNeighborsClassifier/PageBlock success
Time Fri Oct 13 22:22:59 2023 Write results/KNeighborsClassifier/PageBlockDel success
Time Fri Oct 13 22:41:49 2023 Write results/KNeighborsClassifier/PredictTerm success
Time Fri Oct 13 22:42:04 2023 Write results/KNeighborsClassifier/SouthGermanCredit success
Time Fri Oct 13 22:42:15 2023 Write results/KNeighborsClassifier/Wine success
Time Fri Oct 13 22:42:25 2023 Write results/KNeighborsClassifier/WineRed success
Time Fri Oct 13 22:42:35 2023 Write results/KNeighborsClassifier/Yeast success
Time Fri Oct 13 22:42:45 2023 Write results/KNeighborsClassifier/YeastUn success
Time Fri Oct 13 23:11:00 2023 Write results/KNeighborsClassifier/LoanPrediction success
Time Fri Oct 13 23:13:46 2023 Write results/MLP_High_Normal/Africa success
Time Fri Oct 13 23:14:10 2023 Write results/MLP_Low_Normal/Africa success
Time Fri Oct 13 23:14:31 2023 Write results/MLP_High_UnNormal/Africa success
Time Fri Oct 13 23:19:02 2023 Write results/MLP_High_UnNormal/Africa success
Time Fri Oct 13 23:19:23 2023 Write results/MLP_Low_UnNormal/Africa success
Time Fri Oct 13 23:20:41 2023 Write results/GaussianNB/Africa success
Time Fri Oct 13 23:20:52 2023 Write results/KNeighborsClassifier/Africa success
Time Fri Oct 13 23:21:03 2023 Write results/RandomForestClassifier/Africa success
Time Fri Oct 13 23:21:13 2023 Write results/DecisionTreeClassifier/Africa success
Time Fri Oct 13 23:21:26 2023 Write results/XGBClassifier/Africa success
Time Fri Oct 13 23:21:37 2023 Write results/LGBMClassifier/Africa success
Time Fri Oct 13 23:21:57 2023 Write results/CatBoostClassifier/Africa success
Time Fri Oct 13 23:22:12 2023 Write results/HistGradientBoostingClassifier/Africa success
Time Fri Oct 13 23:22:24 2023 Write results/GradientBoostingClassifier/Africa success
Time Fri Oct 13 23:22:34 2023 Write results/AdaBoostClassifier/Africa success
Time Fri Oct 13 23:22:52 2023 Write results/LogisticRegression/Africa success
Time Fri Oct 13 23:27:23 2023 Main start
--------
Time Fri Oct 13 23:27:52 2023 Write results/MLP_High_Normal/Africa success
Time Fri Oct 13 23:28:16 2023 Write results/MLP_Low_Normal/Africa success
Time Fri Oct 13 23:28:37 2023 Write results/MLP_High_UnNormal/Africa success
Time Fri Oct 13 23:28:47 2023 Err. cannot unpack non-iterable NoneType object in MLP_Low_UnNormalGaussianNB-Africa
Time Fri Oct 13 23:28:57 2023 Write results/KNeighborsClassifier/Africa success
Time Fri Oct 13 23:29:09 2023 Write results/RandomForestClassifier/Africa success
Time Fri Oct 13 23:29:19 2023 Write results/DecisionTreeClassifier/Africa success
Time Fri Oct 13 23:29:31 2023 Write results/XGBClassifier/Africa success
Time Fri Oct 13 23:29:42 2023 Write results/LGBMClassifier/Africa success
Time Fri Oct 13 23:30:02 2023 Write results/CatBoostClassifier/Africa success
Time Fri Oct 13 23:30:15 2023 Write results/HistGradientBoostingClassifier/Africa success
Time Fri Oct 13 23:30:27 2023 Write results/GradientBoostingClassifier/Africa success
Time Fri Oct 13 23:30:37 2023 Write results/AdaBoostClassifier/Africa success
Time Fri Oct 13 23:30:55 2023 Write results/LogisticRegression/Africa success

------
Time Fri Oct 13 23:32:37 2023 Main start
Time Fri Oct 13 23:33:06 2023 Write results/MLP_High_Normal/Africa success
Time Fri Oct 13 23:33:31 2023 Write results/MLP_Low_Normal/Africa success
Time Fri Oct 13 23:33:52 2023 Write results/MLP_High_UnNormal/Africa success
Time Fri Oct 13 23:34:14 2023 Write results/MLP_Low_UnNormal/Africa success
Time Fri Oct 13 23:34:24 2023 Write results/GaussianNB/Africa success
Time Fri Oct 13 23:34:35 2023 Write results/KNeighborsClassifier/Africa success
Time Fri Oct 13 23:34:47 2023 Write results/RandomForestClassifier/Africa success
Time Fri Oct 13 23:34:57 2023 Write results/DecisionTreeClassifier/Africa success
Time Fri Oct 13 23:35:10 2023 Write results/XGBClassifier/Africa success
Time Fri Oct 13 23:35:21 2023 Write results/LGBMClassifier/Africa success
Time Fri Oct 13 23:35:40 2023 Write results/CatBoostClassifier/Africa success
Time Fri Oct 13 23:35:54 2023 Write results/HistGradientBoostingClassifier/Africa success
Time Fri Oct 13 23:36:05 2023 Write results/GradientBoostingClassifier/Africa success
Time Fri Oct 13 23:36:16 2023 Write results/AdaBoostClassifier/Africa success
Time Fri Oct 13 23:36:34 2023 Write results/LogisticRegression/Africa success

------
Time Fri Oct 13 23:40:48 2023 Classifier: 1 Datasets: 16 Main start
Time Fri Oct 13 23:46:48 2023 Write results/RandomForestClassifier/Africa success
Time Fri Oct 13 23:52:35 2023 Write results/RandomForestClassifier/BankNote success
Time Fri Oct 13 23:59:32 2023 Write results/RandomForestClassifier/CreditApproval success
Time Sat Oct 14 00:05:38 2023 Write results/RandomForestClassifier/CreditRisk success
Time Sat Oct 14 01:13:46 2023 Write results/RandomForestClassifier/CreditCard success
Time Sat Oct 14 01:18:49 2023 Write results/RandomForestClassifier/Ecoli success
Time Sat Oct 14 01:24:59 2023 Write results/RandomForestClassifier/FakeBills success
Time Sat Oct 14 01:30:51 2023 Write results/RandomForestClassifier/LoanPrediction success
Time Sat Oct 14 01:36:52 2023 Write results/RandomForestClassifier/PageBlock success
Time Sat Oct 14 01:42:33 2023 Write results/RandomForestClassifier/PageBlockDel success
Time Sat Oct 14 02:36:25 2023 Write results/RandomForestClassifier/PredictTerm success
Time Sat Oct 14 02:44:04 2023 Write results/RandomForestClassifier/SouthGermanCredit success
Time Sat Oct 14 02:50:23 2023 Write results/RandomForestClassifier/Wine success
Time Sat Oct 14 02:56:05 2023 Write results/RandomForestClassifier/WineRed success
Time Sat Oct 14 03:01:31 2023 Write results/RandomForestClassifier/Yeast success
Time Sat Oct 14 03:07:03 2023 Write results/RandomForestClassifier/YeastUn success

------
Time Sat Oct 14 13:27:01 2023 Classifier:1 Datasets:16 Main start
Time Sat Oct 14 13:39:36 2023 Write results/MLP_High_Normal/Africa success
Time Sat Oct 14 13:51:50 2023 Write results/MLP_High_Normal/BankNote success
Time Sat Oct 14 14:05:07 2023 Write results/MLP_High_Normal/CreditApproval success
Time Sat Oct 14 14:17:45 2023 Write results/MLP_High_Normal/CreditRisk success
Time Sat Oct 14 15:32:03 2023 Write results/MLP_High_Normal/CreditCard success
Time Sat Oct 14 15:43:30 2023 Write results/MLP_High_Normal/Ecoli success
Time Sat Oct 14 15:56:04 2023 Write results/MLP_High_Normal/FakeBills success
Time Sat Oct 14 16:08:04 2023 Write results/MLP_High_Normal/LoanPrediction success
Time Sat Oct 14 16:20:35 2023 Write results/MLP_High_Normal/PageBlock success
Time Sat Oct 14 16:32:51 2023 Write results/MLP_High_Normal/PageBlockDel success
Time Sat Oct 14 17:36:24 2023 Write results/MLP_High_Normal/PredictTerm success
Time Sat Oct 14 17:50:44 2023 Write results/MLP_High_Normal/SouthGermanCredit success
Time Sat Oct 14 18:03:45 2023 Write results/MLP_High_Normal/Wine success
Time Sat Oct 14 18:16:03 2023 Write results/MLP_High_Normal/WineRed success
Time Sat Oct 14 18:28:09 2023 Write results/MLP_High_Normal/Yeast success
Time Sat Oct 14 18:40:17 2023 Write results/MLP_High_Normal/YeastUn success

------
Time Sat Oct 14 18:52:32 2023 Classifier:2 Datasets:16 Main start
Time Sat Oct 14 18:52:32 2023 Classifier:GaussianNB start
Time Sat Oct 14 18:57:46 2023 Write results/GaussianNB/Africa success

------
Time Sat Oct 14 19:01:44 2023 Classifier:2 Datasets:16 Main start
Time Sat Oct 14 19:01:44 2023 Classifier:GaussianNB start
Time Sat Oct 14 19:06:54 2023 Write results/GaussianNB/Africa success
Time Sat Oct 14 19:11:55 2023 Write results/GaussianNB/BankNote success
Time Sat Oct 14 19:18:04 2023 Write results/GaussianNB/CreditApproval success
Time Sat Oct 14 19:23:17 2023 Write results/GaussianNB/CreditRisk success
Time Sat Oct 14 20:28:03 2023 Write results/GaussianNB/CreditCard success
Time Sat Oct 14 20:32:22 2023 Write results/GaussianNB/Ecoli success
Time Sat Oct 14 20:37:42 2023 Write results/GaussianNB/FakeBills success
Time Sat Oct 14 20:42:47 2023 Write results/GaussianNB/LoanPrediction success
Time Sat Oct 14 20:47:43 2023 Write results/GaussianNB/PageBlock success
Time Sat Oct 14 20:52:30 2023 Write results/GaussianNB/PageBlockDel success
Time Sat Oct 14 21:43:32 2023 Write results/GaussianNB/PredictTerm success
Time Sat Oct 14 21:50:20 2023 Write results/GaussianNB/SouthGermanCredit success
Time Sat Oct 14 21:55:53 2023 Write results/GaussianNB/Wine success
Time Sat Oct 14 22:00:48 2023 Write results/GaussianNB/WineRed success
Time Sat Oct 14 22:05:27 2023 Write results/GaussianNB/Yeast success
Time Sat Oct 14 22:10:05 2023 Write results/GaussianNB/YeastUn success
Time Sat Oct 14 22:10:05 2023 Classifier:KNeighborsClassifier start
Time Sat Oct 14 22:15:32 2023 Write results/KNeighborsClassifier/Africa success
Time Sat Oct 14 22:20:42 2023 Write results/KNeighborsClassifier/BankNote success
Time Sat Oct 14 22:26:56 2023 Write results/KNeighborsClassifier/CreditApproval success
Time Sat Oct 14 22:32:27 2023 Write results/KNeighborsClassifier/CreditRisk success
Time Sun Oct 15 02:53:15 2023 Write results/KNeighborsClassifier/CreditCard success
Time Sun Oct 15 02:57:41 2023 Write results/KNeighborsClassifier/Ecoli success
Time Sun Oct 15 03:03:16 2023 Write results/KNeighborsClassifier/FakeBills success
Time Sun Oct 15 03:08:29 2023 Write results/KNeighborsClassifier/LoanPrediction success
Time Sun Oct 15 03:14:32 2023 Write results/KNeighborsClassifier/PageBlock success
Time Sun Oct 15 03:19:31 2023 Write results/KNeighborsClassifier/PageBlockDel success
Time Sun Oct 15 12:29:49 2023 Write results/KNeighborsClassifier/PredictTerm success
Time Sun Oct 15 12:37:08 2023 Write results/KNeighborsClassifier/SouthGermanCredit success
Time Sun Oct 15 12:42:54 2023 Write results/KNeighborsClassifier/Wine success
Time Sun Oct 15 12:48:16 2023 Write results/KNeighborsClassifier/WineRed success
Time Sun Oct 15 12:53:10 2023 Write results/KNeighborsClassifier/Yeast success
Time Sun Oct 15 12:58:19 2023 Write results/KNeighborsClassifier/YeastUn success

------
Time Sun Oct 15 13:13:13 2023 Classifier:3 Datasets:16 Main start
Time Sun Oct 15 13:13:13 2023 Classifier:LGBMClassifier start
